[master 896cc6d] Rebuild for 2018-11-06 00:12:36
 1 file changed, 12 deletions(-)
 rewrite cron.log (100%)
To https://github.com/cul/dlst-studio.git
   d79dae4..896cc6d  master -> master
 
[master 2f2e70f] Rebuild for 2018-11-06 00:13:39
 1 file changed, 6 insertions(+)
To https://github.com/cul/dlst-studio.git
   896cc6d..2f2e70f  master -> master
 
[master f51eafc] Rebuild for 2018-11-06 00:14:42
 1 file changed, 5 insertions(+)
To https://github.com/cul/dlst-studio.git
   2f2e70f..f51eafc  master -> master
 
[master 2e08d45] Rebuild for 2018-11-06 00:15:45
 1 file changed, 5 insertions(+)
To https://github.com/cul/dlst-studio.git
   f51eafc..2e08d45  master -> master
 
[master 0d43aff] Rebuild for 2018-11-06 00:16:47
 1 file changed, 5 insertions(+)
To https://github.com/cul/dlst-studio.git
   2e08d45..0d43aff  master -> master
 
[master 75aef07] Rebuild for 2018-11-06 00:17:50
 1 file changed, 5 insertions(+)
To https://github.com/cul/dlst-studio.git
   0d43aff..75aef07  master -> master
 
[master c1e9003] Rebuild for 2018-11-06 00:18:53
 1 file changed, 5 insertions(+)
To https://github.com/cul/dlst-studio.git
   75aef07..c1e9003  master -> master
 
